\BOOKMARK [1][-]{section.1}{\376\377\144\130\211\201}{}% 1
\BOOKMARK [1][-]{section.2}{\376\377\122\325\152\137\202\007\125\117\230\114\133\232\177\251}{}% 2
\BOOKMARK [1][-]{section.3}{\376\377\174\373\175\161\147\266\151\313}{}% 3
\BOOKMARK [2][-]{subsection.3.1}{\376\377\142\200\210\123\220\170\127\213\164\006\165\061}{section.3}% 4
\BOOKMARK [2][-]{subsection.3.2}{\376\377\214\307\145\231\155\101\225\334\223\165\212\055\212\010}{section.3}% 5
\BOOKMARK [1][-]{section.4}{\376\377\150\070\137\303\122\237\200\375\134\125\171\072\000\040\000\040\000m\000u\000t\000e\040\024\000\040\0005\000\040\120\013\227\142\124\021\117\177\165\050\200\005\166\204\230\001\227\142\377\014\153\317\173\300\124\053\133\346\226\233\165\153\227\142}{}% 6
\BOOKMARK [2][-]{subsection.4.1}{\376\377\127\060\127\026\231\226\230\001\000\040\000/\000\040\040\024\000\040\116\000\137\065\127\060\127\026\167\013\133\214\150\041\127\022\154\064\140\305}{section.4}% 7
\BOOKMARK [2][-]{subsection.4.2}{\376\377\226\350\131\051\215\357\137\221\211\217\122\203\000\040\000/\000r\000o\000u\000t\000e\000\040\040\024\000\040\167\037\133\346\000\040\000O\000S\000M\000\040\215\357\175\262\000\040\000+\000\040\122\240\153\012\000\040\000D\000i\000j\000k\000s\000t\000r\000a}{section.4}% 8
\BOOKMARK [2][-]{subsection.4.3}{\376\377\154\064\160\175\230\020\213\146\127\060\127\026\000\040\000/\000f\000o\000r\000e\000c\000a\000s\000t\000\040\040\024\000\040\0009\0000\000\040\131\051\126\336\130\061\133\306\136\246\000\040\000\040\123\163\146\102\226\350\122\342}{section.4}% 9
\BOOKMARK [2][-]{subsection.4.4}{\376\377\150\041\127\022\154\064\214\307\156\220\121\000\210\150\147\177\000\040\000/\000d\000a\000s\000h\000b\000o\000a\000r\000d}{section.4}% 10
\BOOKMARK [2][-]{subsection.4.5}{\376\377\120\013\116\272\142\020\176\076\125\256\000\040\000/\000m\000e\000\040\040\024\000\040\142\212\126\336\130\061\220\112\142\062\123\026}{section.4}% 11
\BOOKMARK [1][-]{section.5}{\376\377\157\024\173\227\154\325\175\060\173\300}{}% 12
\BOOKMARK [2][-]{subsection.5.1}{\376\377\150\041\127\022\215\357\175\262\136\372\151\313\377\032\137\236\000\040\000O\000S\000M\000\040\122\060\000\040\000D\000i\000j\000k\000s\000t\000r\000a\000-\000R\000e\000a\000d\000y\000\040\000G\000r\000a\000p\000h}{section.5}% 13
\BOOKMARK [2][-]{subsection.5.2}{\376\377\122\240\153\012\000\040\000D\000i\000j\000k\000s\000t\000r\000a\000\040\202\007\122\325\141\113\126\336\130\061\145\164\124\010}{section.5}% 14
\BOOKMARK [2][-]{subsection.5.3}{\376\377\000R\000i\000s\000k\000\040\000S\000c\000o\000r\000e\000\040\202\007\121\000\210\150\147\177\200\132\124\010}{section.5}% 15
\BOOKMARK [1][-]{section.6}{\376\377\214\307\145\231\117\206\156\220\145\164\124\010}{}% 16
\BOOKMARK [2][-]{subsection.6.1}{\376\377\220\350\177\162\202\007\135\345\172\013\133\346\216\020}{section.6}% 17
\BOOKMARK [1][-]{section.7}{\376\377\211\226\211\272\212\055\212\010\174\373\175\161}{}% 18
\BOOKMARK [1][-]{section.8}{\376\377\175\120\212\326\202\007\147\052\117\206\135\345\117\134}{}% 19
\BOOKMARK [2][-]{subsection.8.1}{\376\377\147\052\117\206\135\345\117\134}{section.8}% 20
\BOOKMARK [1][-]{Item.8}{\376\377\000R\000e\000f\000e\000r\000e\000n\000c\000e\000s}{}% 21
